{"uuid":"acc98b4d-8444-463f-8d16-3246d0b5d510","historyId":"6fddb550169d5ccb14a9d79cc976828a","fullName":"Loans menu basligi altindaki \"Rejected Loans\" sayfa linkine tiklandiginda: Installments sayfasinda Loan summary bilgileri (Loan Number, Plan, Loan Amount,","labels":[{"name":"tag","value":"win55"},{"name":"host","value":"RACAR"},{"name":"thread","value":"5276@RACAR.main(1)"},{"name":"feature","value":"Loans menu basligi altindaki \"Rejected Loans\" sayfa linkine tiklandiginda"},{"name":"story","value":"Installments sayfasinda Loan summary bilgileri (Loan Number, Plan, Loan Amount,"},{"name":"suite","value":"Loans menu basligi altindaki \"Rejected Loans\" sayfa linkine tiklandiginda"},{"name":"testClass","value":"Installments sayfasinda Loan summary bilgileri (Loan Number, Plan, Loan Amount,"},{"name":"framework","value":"cucumber4jvm"},{"name":"language","value":"java"},{"name":"gherkin_uri","value":"file:///C:/Users/Hp/IdeaProjects/loantechexper/src/test/resources/features/US_029_resul.feature"},{"name":"package","value":"src.test.resources.features.US_029_resul_feature.Loans menu basligi altindaki \"Rejected Loans\" sayfa linkine tiklandiginda"}],"links":[],"name":"Installments sayfasinda Loan summary bilgileri (Loan Number, Plan, Loan Amount,","status":"broken","statusDetails":{"known":false,"muted":false,"flaky":false,"message":"element click intercepted: Element <span class=\"menu-title\">...</span> is not clickable at point (112, 428). Other element would receive the click: <span class=\"menu-title\">...</span>\n  (Session info: chrome=120.0.6099.111)\nBuild info: version: '4.15.0', revision: '1d14b5521b'\nSystem info: os.name: 'Windows 10', os.arch: 'amd64', os.version: '10.0', java.version: '11.0.19'\nDriver info: org.openqa.selenium.chrome.ChromeDriver\nCommand: [7cef8b00b382b3f06d88242947259903, clickElement {id=E2605CCA4EDD5948B7271D802C530636_element_97}]\nCapabilities {acceptInsecureCerts: false, browserName: chrome, browserVersion: 120.0.6099.111, chrome: {chromedriverVersion: 120.0.6099.109 (3419140ab66..., userDataDir: C:\\Users\\Hp\\AppData\\Local\\T...}, fedcm:accounts: true, goog:chromeOptions: {debuggerAddress: localhost:59404}, networkConnectionEnabled: false, pageLoadStrategy: normal, platformName: windows, proxy: Proxy(), se:cdp: ws://localhost:59404/devtoo..., se:cdpVersion: 120.0.6099.111, setWindowRect: true, strictFileInteractability: false, timeouts: {implicit: 0, pageLoad: 300000, script: 30000}, unhandledPromptBehavior: dismiss and notify, webauthn:extension:credBlob: true, webauthn:extension:largeBlob: true, webauthn:extension:minPinLength: true, webauthn:extension:prf: true, webauthn:virtualAuthenticators: true}\nElement: [[ChromeDriver: chrome on windows (7cef8b00b382b3f06d88242947259903)] -> xpath: //span[text()='Rejected Loans']]\nSession ID: 7cef8b00b382b3f06d88242947259903","trace":"org.openqa.selenium.ElementClickInterceptedException: element click intercepted: Element <span class=\"menu-title\">...</span> is not clickable at point (112, 428). Other element would receive the click: <span class=\"menu-title\">...</span>\n  (Session info: chrome=120.0.6099.111)\nBuild info: version: '4.15.0', revision: '1d14b5521b'\nSystem info: os.name: 'Windows 10', os.arch: 'amd64', os.version: '10.0', java.version: '11.0.19'\nDriver info: org.openqa.selenium.chrome.ChromeDriver\nCommand: [7cef8b00b382b3f06d88242947259903, clickElement {id=E2605CCA4EDD5948B7271D802C530636_element_97}]\nCapabilities {acceptInsecureCerts: false, browserName: chrome, browserVersion: 120.0.6099.111, chrome: {chromedriverVersion: 120.0.6099.109 (3419140ab66..., userDataDir: C:\\Users\\Hp\\AppData\\Local\\T...}, fedcm:accounts: true, goog:chromeOptions: {debuggerAddress: localhost:59404}, networkConnectionEnabled: false, pageLoadStrategy: normal, platformName: windows, proxy: Proxy(), se:cdp: ws://localhost:59404/devtoo..., se:cdpVersion: 120.0.6099.111, setWindowRect: true, strictFileInteractability: false, timeouts: {implicit: 0, pageLoad: 300000, script: 30000}, unhandledPromptBehavior: dismiss and notify, webauthn:extension:credBlob: true, webauthn:extension:largeBlob: true, webauthn:extension:minPinLength: true, webauthn:extension:prf: true, webauthn:virtualAuthenticators: true}\nElement: [[ChromeDriver: chrome on windows (7cef8b00b382b3f06d88242947259903)] -> xpath: //span[text()='Rejected Loans']]\nSession ID: 7cef8b00b382b3f06d88242947259903\r\n\tat java.base/jdk.internal.reflect.NativeConstructorAccessorImpl.newInstance0(Native Method)\r\n\tat java.base/jdk.internal.reflect.NativeConstructorAccessorImpl.newInstance(NativeConstructorAccessorImpl.java:62)\r\n\tat java.base/jdk.internal.reflect.DelegatingConstructorAccessorImpl.newInstance(DelegatingConstructorAccessorImpl.java:45)\r\n\tat java.base/java.lang.reflect.Constructor.newInstance(Constructor.java:490)\r\n\tat org.openqa.selenium.remote.codec.w3c.W3CHttpResponseCodec.createException(W3CHttpResponseCodec.java:200)\r\n\tat org.openqa.selenium.remote.codec.w3c.W3CHttpResponseCodec.decode(W3CHttpResponseCodec.java:133)\r\n\tat org.openqa.selenium.remote.codec.w3c.W3CHttpResponseCodec.decode(W3CHttpResponseCodec.java:52)\r\n\tat org.openqa.selenium.remote.HttpCommandExecutor.execute(HttpCommandExecutor.java:191)\r\n\tat org.openqa.selenium.remote.service.DriverCommandExecutor.invokeExecute(DriverCommandExecutor.java:200)\r\n\tat org.openqa.selenium.remote.service.DriverCommandExecutor.execute(DriverCommandExecutor.java:175)\r\n\tat org.openqa.selenium.remote.RemoteWebDriver.execute(RemoteWebDriver.java:607)\r\n\tat org.openqa.selenium.remote.RemoteWebElement.execute(RemoteWebElement.java:224)\r\n\tat org.openqa.selenium.remote.RemoteWebElement.click(RemoteWebElement.java:77)\r\n\tat jdk.internal.reflect.GeneratedMethodAccessor71.invoke(Unknown Source)\r\n\tat java.base/jdk.internal.reflect.DelegatingMethodAccessorImpl.invoke(DelegatingMethodAccessorImpl.java:43)\r\n\tat java.base/java.lang.reflect.Method.invoke(Method.java:566)\r\n\tat org.openqa.selenium.support.pagefactory.internal.LocatingElementHandler.invoke(LocatingElementHandler.java:51)\r\n\tat com.sun.proxy.$Proxy20.click(Unknown Source)\r\n\tat stepdefinitions.Admin.US_029_Admin_Rejected_Loan.ınstallment_butonuna_tiklanir(US_029_Admin_Rejected_Loan.java:82)\r\n\tat ✽.Installment butonuna tiklanir(file:///C:/Users/Hp/IdeaProjects/loantechexper/src/test/resources/features/US_029_resul.feature:56)\r\n"},"stage":"finished","description":"  \"Rejected Loans\" sayfasina erisilmelidir.\n  Per Installment, Total Installment, Given Installment,  Receivable, Delay Charge) goruntulenmelidir.","steps":[{"name":"*  adminUrl sayfasina  gidilir","status":"passed","statusDetails":{"known":false,"muted":false,"flaky":false},"stage":"finished","steps":[],"attachments":[],"parameters":[],"start":1703275402499,"stop":1703275411190},{"name":"*  Rejected Loan sayfa linkine tiklanir  ve Reject Loans sayfasi goruntulenir","status":"passed","statusDetails":{"known":false,"muted":false,"flaky":false},"stage":"finished","steps":[],"attachments":[],"parameters":[],"start":1703275411191,"stop":1703275412277},{"name":"*  Installment butonuna tiklanir","status":"broken","statusDetails":{"known":false,"muted":false,"flaky":false,"message":"element click intercepted: Element <span class=\"menu-title\">...</span> is not clickable at point (112, 428). Other element would receive the click: <span class=\"menu-title\">...</span>\n  (Session info: chrome=120.0.6099.111)\nBuild info: version: '4.15.0', revision: '1d14b5521b'\nSystem info: os.name: 'Windows 10', os.arch: 'amd64', os.version: '10.0', java.version: '11.0.19'\nDriver info: org.openqa.selenium.chrome.ChromeDriver\nCommand: [7cef8b00b382b3f06d88242947259903, clickElement {id=E2605CCA4EDD5948B7271D802C530636_element_97}]\nCapabilities {acceptInsecureCerts: false, browserName: chrome, browserVersion: 120.0.6099.111, chrome: {chromedriverVersion: 120.0.6099.109 (3419140ab66..., userDataDir: C:\\Users\\Hp\\AppData\\Local\\T...}, fedcm:accounts: true, goog:chromeOptions: {debuggerAddress: localhost:59404}, networkConnectionEnabled: false, pageLoadStrategy: normal, platformName: windows, proxy: Proxy(), se:cdp: ws://localhost:59404/devtoo..., se:cdpVersion: 120.0.6099.111, setWindowRect: true, strictFileInteractability: false, timeouts: {implicit: 0, pageLoad: 300000, script: 30000}, unhandledPromptBehavior: dismiss and notify, webauthn:extension:credBlob: true, webauthn:extension:largeBlob: true, webauthn:extension:minPinLength: true, webauthn:extension:prf: true, webauthn:virtualAuthenticators: true}\nElement: [[ChromeDriver: chrome on windows (7cef8b00b382b3f06d88242947259903)] -> xpath: //span[text()='Rejected Loans']]\nSession ID: 7cef8b00b382b3f06d88242947259903","trace":"org.openqa.selenium.ElementClickInterceptedException: element click intercepted: Element <span class=\"menu-title\">...</span> is not clickable at point (112, 428). Other element would receive the click: <span class=\"menu-title\">...</span>\n  (Session info: chrome=120.0.6099.111)\nBuild info: version: '4.15.0', revision: '1d14b5521b'\nSystem info: os.name: 'Windows 10', os.arch: 'amd64', os.version: '10.0', java.version: '11.0.19'\nDriver info: org.openqa.selenium.chrome.ChromeDriver\nCommand: [7cef8b00b382b3f06d88242947259903, clickElement {id=E2605CCA4EDD5948B7271D802C530636_element_97}]\nCapabilities {acceptInsecureCerts: false, browserName: chrome, browserVersion: 120.0.6099.111, chrome: {chromedriverVersion: 120.0.6099.109 (3419140ab66..., userDataDir: C:\\Users\\Hp\\AppData\\Local\\T...}, fedcm:accounts: true, goog:chromeOptions: {debuggerAddress: localhost:59404}, networkConnectionEnabled: false, pageLoadStrategy: normal, platformName: windows, proxy: Proxy(), se:cdp: ws://localhost:59404/devtoo..., se:cdpVersion: 120.0.6099.111, setWindowRect: true, strictFileInteractability: false, timeouts: {implicit: 0, pageLoad: 300000, script: 30000}, unhandledPromptBehavior: dismiss and notify, webauthn:extension:credBlob: true, webauthn:extension:largeBlob: true, webauthn:extension:minPinLength: true, webauthn:extension:prf: true, webauthn:virtualAuthenticators: true}\nElement: [[ChromeDriver: chrome on windows (7cef8b00b382b3f06d88242947259903)] -> xpath: //span[text()='Rejected Loans']]\nSession ID: 7cef8b00b382b3f06d88242947259903\r\n\tat java.base/jdk.internal.reflect.NativeConstructorAccessorImpl.newInstance0(Native Method)\r\n\tat java.base/jdk.internal.reflect.NativeConstructorAccessorImpl.newInstance(NativeConstructorAccessorImpl.java:62)\r\n\tat java.base/jdk.internal.reflect.DelegatingConstructorAccessorImpl.newInstance(DelegatingConstructorAccessorImpl.java:45)\r\n\tat java.base/java.lang.reflect.Constructor.newInstance(Constructor.java:490)\r\n\tat org.openqa.selenium.remote.codec.w3c.W3CHttpResponseCodec.createException(W3CHttpResponseCodec.java:200)\r\n\tat org.openqa.selenium.remote.codec.w3c.W3CHttpResponseCodec.decode(W3CHttpResponseCodec.java:133)\r\n\tat org.openqa.selenium.remote.codec.w3c.W3CHttpResponseCodec.decode(W3CHttpResponseCodec.java:52)\r\n\tat org.openqa.selenium.remote.HttpCommandExecutor.execute(HttpCommandExecutor.java:191)\r\n\tat org.openqa.selenium.remote.service.DriverCommandExecutor.invokeExecute(DriverCommandExecutor.java:200)\r\n\tat org.openqa.selenium.remote.service.DriverCommandExecutor.execute(DriverCommandExecutor.java:175)\r\n\tat org.openqa.selenium.remote.RemoteWebDriver.execute(RemoteWebDriver.java:607)\r\n\tat org.openqa.selenium.remote.RemoteWebElement.execute(RemoteWebElement.java:224)\r\n\tat org.openqa.selenium.remote.RemoteWebElement.click(RemoteWebElement.java:77)\r\n\tat jdk.internal.reflect.GeneratedMethodAccessor71.invoke(Unknown Source)\r\n\tat java.base/jdk.internal.reflect.DelegatingMethodAccessorImpl.invoke(DelegatingMethodAccessorImpl.java:43)\r\n\tat java.base/java.lang.reflect.Method.invoke(Method.java:566)\r\n\tat org.openqa.selenium.support.pagefactory.internal.LocatingElementHandler.invoke(LocatingElementHandler.java:51)\r\n\tat com.sun.proxy.$Proxy20.click(Unknown Source)\r\n\tat stepdefinitions.Admin.US_029_Admin_Rejected_Loan.ınstallment_butonuna_tiklanir(US_029_Admin_Rejected_Loan.java:82)\r\n\tat ✽.Installment butonuna tiklanir(file:///C:/Users/Hp/IdeaProjects/loantechexper/src/test/resources/features/US_029_resul.feature:56)\r\n"},"stage":"finished","steps":[],"attachments":[],"parameters":[],"start":1703275412278,"stop":1703275413439},{"name":"*  Loan Number, Plan, Loan Amount,Per Installment, Total Installment, Given Installment,  Receivable, Delay Charge gorulur","status":"skipped","statusDetails":{"known":false,"muted":false,"flaky":false},"stage":"finished","steps":[],"attachments":[],"parameters":[],"start":1703275413442,"stop":1703275413444}],"attachments":[],"parameters":[],"start":1703275402497,"stop":1703275413463}